<?xml version="1.0" encoding="UTF-8"?>
<testng-results ignored="0" total="1" passed="1" failed="0" skipped="0">
  <reporter-output>
  </reporter-output>
  <suite started-at="2025-10-30T07:31:12 IST" name="API Testing Suite " finished-at="2025-10-30T07:31:13 IST" duration-ms="310">
    <groups>
    </groups>
    <test started-at="2025-10-30T07:31:12 IST" name="Parallel Tests" finished-at="2025-10-30T07:31:13 IST" duration-ms="310">
      <class name="com.qa.restAssured.JsonAssertDemo">
        <test-method signature="exactSameJson()[pri:0, instance:com.qa.restAssured.JsonAssertDemo@17fc391b]" started-at="2025-10-30T07:31:13 IST" name="exactSameJson" finished-at="2025-10-30T07:31:13 IST" duration-ms="102" status="PASS">
          <reporter-output>
          </reporter-output>
        </test-method> <!-- exactSameJson -->
      </class> <!-- com.qa.restAssured.JsonAssertDemo -->
    </test> <!-- Parallel Tests -->
  </suite> <!-- API Testing Suite  -->
</testng-results>
